{"C:\\Users\\a95695905\\Downloads\\galeria-receitas-integracao-aula41 (1)\\galeria-receitas-testes\\src\\app.ts": {"path":"C:\\Users\\a95695905\\Downloads\\galeria-receitas-integracao-aula41 (1)\\galeria-receitas-testes\\src\\app.ts","statementMap":{"0":{"start":{"line":1,"column":0},"end":{"line":1,"column":30}},"1":{"start":{"line":2,"column":0},"end":{"line":2,"column":49}},"2":{"start":{"line":3,"column":0},"end":{"line":3,"column":47}},"3":{"start":{"line":5,"column":12},"end":{"line":5,"column":21}},"4":{"start":{"line":6,"column":0},"end":{"line":6,"column":24}},"5":{"start":{"line":7,"column":0},"end":{"line":7,"column":48}},"6":{"start":{"line":8,"column":0},"end":{"line":8,"column":34}},"7":{"start":{"line":9,"column":0},"end":{"line":9,"column":47}},"8":{"start":{"line":10,"column":0},"end":{"line":10,"column":30}},"9":{"start":{"line":11,"column":0},"end":{"line":11,"column":32}},"10":{"start":{"line":12,"column":0},"end":{"line":12,"column":20}},"11":{"start":{"line":13,"column":0},"end":{"line":13,"column":19}},"12":{"start":{"line":15,"column":0},"end":{"line":15,"column":19}}},"fnMap":{},"branchMap":{},"s":{"0":1,"1":1,"2":1,"3":1,"4":1,"5":1,"6":1,"7":1,"8":1,"9":1,"10":1,"11":1,"12":1},"f":{},"b":{}}
,"C:\\Users\\a95695905\\Downloads\\galeria-receitas-integracao-aula41 (1)\\galeria-receitas-testes\\src\\entities\\Receita.ts": {"path":"C:\\Users\\a95695905\\Downloads\\galeria-receitas-integracao-aula41 (1)\\galeria-receitas-testes\\src\\entities\\Receita.ts","statementMap":{"0":{"start":{"line":10,"column":4},"end":{"line":10,"column":18}},"1":{"start":{"line":11,"column":4},"end":{"line":11,"column":26}},"2":{"start":{"line":12,"column":4},"end":{"line":12,"column":32}},"3":{"start":{"line":13,"column":4},"end":{"line":13,"column":24}},"4":{"start":{"line":14,"column":4},"end":{"line":14,"column":22}},"5":{"start":{"line":18,"column":21},"end":{"line":18,"column":37}},"6":{"start":{"line":19,"column":25},"end":{"line":19,"column":45}},"7":{"start":{"line":20,"column":28},"end":{"line":20,"column":51}},"8":{"start":{"line":21,"column":24},"end":{"line":21,"column":43}},"9":{"start":{"line":22,"column":30},"end":{"line":22,"column":48}},"10":{"start":{"line":26,"column":4},"end":{"line":26,"column":77}},"11":{"start":{"line":26,"column":39},"end":{"line":26,"column":77}},"12":{"start":{"line":27,"column":4},"end":{"line":27,"column":32}},"13":{"start":{"line":30,"column":33},"end":{"line":30,"column":72}},"14":{"start":{"line":31,"column":29},"end":{"line":31,"column":64}},"15":{"start":{"line":32,"column":35},"end":{"line":32,"column":54}},"16":{"start":{"line":36,"column":28},"end":{"line":36,"column":30}},"17":{"start":{"line":37,"column":4},"end":{"line":37,"column":86}},"18":{"start":{"line":37,"column":53},"end":{"line":37,"column":86}},"19":{"start":{"line":38,"column":4},"end":{"line":38,"column":110}},"20":{"start":{"line":38,"column":56},"end":{"line":38,"column":110}},"21":{"start":{"line":39,"column":4},"end":{"line":39,"column":17}},"22":{"start":{"line":44,"column":4},"end":{"line":44,"column":104}},"23":{"start":{"line":49,"column":4},"end":{"line":55,"column":6}},"24":{"start":{"line":2,"column":0},"end":{"line":2,"column":13}}},"fnMap":{"0":{"name":"(anonymous_0)","decl":{"start":{"line":9,"column":2},"end":{"line":9,"column":14}},"loc":{"start":{"line":9,"column":102},"end":{"line":15,"column":3}}},"1":{"name":"(anonymous_1)","decl":{"start":{"line":18,"column":2},"end":{"line":18,"column":6}},"loc":{"start":{"line":18,"column":8},"end":{"line":18,"column":39}}},"2":{"name":"(anonymous_2)","decl":{"start":{"line":19,"column":2},"end":{"line":19,"column":6}},"loc":{"start":{"line":19,"column":12},"end":{"line":19,"column":47}}},"3":{"name":"(anonymous_3)","decl":{"start":{"line":20,"column":2},"end":{"line":20,"column":6}},"loc":{"start":{"line":20,"column":15},"end":{"line":20,"column":53}}},"4":{"name":"(anonymous_4)","decl":{"start":{"line":21,"column":2},"end":{"line":21,"column":6}},"loc":{"start":{"line":21,"column":11},"end":{"line":21,"column":45}}},"5":{"name":"(anonymous_5)","decl":{"start":{"line":22,"column":2},"end":{"line":22,"column":6}},"loc":{"start":{"line":22,"column":10},"end":{"line":22,"column":50}}},"6":{"name":"(anonymous_6)","decl":{"start":{"line":25,"column":2},"end":{"line":25,"column":6}},"loc":{"start":{"line":25,"column":26},"end":{"line":28,"column":3}}},"7":{"name":"(anonymous_7)","decl":{"start":{"line":30,"column":2},"end":{"line":30,"column":6}},"loc":{"start":{"line":30,"column":29},"end":{"line":30,"column":74}}},"8":{"name":"(anonymous_8)","decl":{"start":{"line":31,"column":2},"end":{"line":31,"column":6}},"loc":{"start":{"line":31,"column":25},"end":{"line":31,"column":66}}},"9":{"name":"(anonymous_9)","decl":{"start":{"line":32,"column":2},"end":{"line":32,"column":6}},"loc":{"start":{"line":32,"column":31},"end":{"line":32,"column":56}}},"10":{"name":"(anonymous_10)","decl":{"start":{"line":35,"column":2},"end":{"line":35,"column":8}},"loc":{"start":{"line":35,"column":43},"end":{"line":40,"column":3}}},"11":{"name":"(anonymous_11)","decl":{"start":{"line":43,"column":2},"end":{"line":43,"column":8}},"loc":{"start":{"line":43,"column":27},"end":{"line":45,"column":3}}},"12":{"name":"(anonymous_12)","decl":{"start":{"line":48,"column":2},"end":{"line":48,"column":8}},"loc":{"start":{"line":48,"column":8},"end":{"line":56,"column":3}}}},"branchMap":{"0":{"loc":{"start":{"line":9,"column":76},"end":{"line":9,"column":102}},"type":"default-arg","locations":[{"start":{"line":9,"column":98},"end":{"line":9,"column":102}}]},"1":{"loc":{"start":{"line":26,"column":4},"end":{"line":26,"column":77}},"type":"if","locations":[{"start":{"line":26,"column":4},"end":{"line":26,"column":77}}]},"2":{"loc":{"start":{"line":26,"column":8},"end":{"line":26,"column":37}},"type":"binary-expr","locations":[{"start":{"line":26,"column":8},"end":{"line":26,"column":14}},{"start":{"line":26,"column":18},"end":{"line":26,"column":37}}]},"3":{"loc":{"start":{"line":30,"column":52},"end":{"line":30,"column":63}},"type":"binary-expr","locations":[{"start":{"line":30,"column":52},"end":{"line":30,"column":57}},{"start":{"line":30,"column":61},"end":{"line":30,"column":63}}]},"4":{"loc":{"start":{"line":31,"column":44},"end":{"line":31,"column":55}},"type":"binary-expr","locations":[{"start":{"line":31,"column":44},"end":{"line":31,"column":49}},{"start":{"line":31,"column":53},"end":{"line":31,"column":55}}]},"5":{"loc":{"start":{"line":37,"column":4},"end":{"line":37,"column":86}},"type":"if","locations":[{"start":{"line":37,"column":4},"end":{"line":37,"column":86}}]},"6":{"loc":{"start":{"line":37,"column":8},"end":{"line":37,"column":51}},"type":"binary-expr","locations":[{"start":{"line":37,"column":8},"end":{"line":37,"column":21}},{"start":{"line":37,"column":25},"end":{"line":37,"column":51}}]},"7":{"loc":{"start":{"line":38,"column":4},"end":{"line":38,"column":110}},"type":"if","locations":[{"start":{"line":38,"column":4},"end":{"line":38,"column":110}}]},"8":{"loc":{"start":{"line":38,"column":8},"end":{"line":38,"column":54}},"type":"binary-expr","locations":[{"start":{"line":38,"column":8},"end":{"line":38,"column":20}},{"start":{"line":38,"column":24},"end":{"line":38,"column":54}}]},"9":{"loc":{"start":{"line":44,"column":45},"end":{"line":44,"column":65}},"type":"binary-expr","locations":[{"start":{"line":44,"column":45},"end":{"line":44,"column":59}},{"start":{"line":44,"column":63},"end":{"line":44,"column":65}}]},"10":{"loc":{"start":{"line":44,"column":67},"end":{"line":44,"column":83}},"type":"binary-expr","locations":[{"start":{"line":44,"column":67},"end":{"line":44,"column":77}},{"start":{"line":44,"column":81},"end":{"line":44,"column":83}}]},"11":{"loc":{"start":{"line":44,"column":85},"end":{"line":44,"column":102}},"type":"binary-expr","locations":[{"start":{"line":44,"column":85},"end":{"line":44,"column":94}},{"start":{"line":44,"column":98},"end":{"line":44,"column":102}}]}},"s":{"0":45,"1":45,"2":45,"3":45,"4":45,"5":23,"6":4,"7":0,"8":0,"9":0,"10":0,"11":0,"12":0,"13":0,"14":0,"15":0,"16":8,"17":8,"18":1,"19":8,"20":0,"21":8,"22":38,"23":22,"24":2},"f":{"0":45,"1":23,"2":4,"3":0,"4":0,"5":0,"6":0,"7":0,"8":0,"9":0,"10":8,"11":38,"12":22},"b":{"0":[0],"1":[0],"2":[0,0],"3":[0,0],"4":[0,0],"5":[1],"6":[8,7],"7":[0],"8":[8,7],"9":[38,1],"10":[38,1],"11":[38,38]}}
,"C:\\Users\\a95695905\\Downloads\\galeria-receitas-integracao-aula41 (1)\\galeria-receitas-testes\\src\\middlewares\\upload.ts": {"path":"C:\\Users\\a95695905\\Downloads\\galeria-receitas-integracao-aula41 (1)\\galeria-receitas-testes\\src\\middlewares\\upload.ts","statementMap":{"0":{"start":{"line":1,"column":0},"end":{"line":1,"column":28}},"1":{"start":{"line":2,"column":0},"end":{"line":2,"column":24}},"2":{"start":{"line":4,"column":16},"end":{"line":10,"column":2}},"3":{"start":{"line":5,"column":34},"end":{"line":5,"column":54}},"4":{"start":{"line":7,"column":18},"end":{"line":7,"column":69}},"5":{"start":{"line":8,"column":4},"end":{"line":8,"column":54}},"6":{"start":{"line":12,"column":19},"end":{"line":16,"column":1}},"7":{"start":{"line":13,"column":21},"end":{"line":13,"column":75}},"8":{"start":{"line":14,"column":2},"end":{"line":15,"column":80}},"9":{"start":{"line":14,"column":42},"end":{"line":14,"column":57}},"10":{"start":{"line":15,"column":7},"end":{"line":15,"column":80}},"11":{"start":{"line":18,"column":13},"end":{"line":18,"column":93}}},"fnMap":{"0":{"name":"(anonymous_1)","decl":{"start":{"line":5,"column":15},"end":{"line":5,"column":16}},"loc":{"start":{"line":5,"column":34},"end":{"line":5,"column":54}}},"1":{"name":"(anonymous_2)","decl":{"start":{"line":6,"column":12},"end":{"line":6,"column":13}},"loc":{"start":{"line":6,"column":30},"end":{"line":9,"column":3}}},"2":{"name":"(anonymous_3)","decl":{"start":{"line":12,"column":19},"end":{"line":12,"column":20}},"loc":{"start":{"line":12,"column":68},"end":{"line":16,"column":1}}}},"branchMap":{"0":{"loc":{"start":{"line":14,"column":2},"end":{"line":15,"column":80}},"type":"if","locations":[{"start":{"line":14,"column":2},"end":{"line":15,"column":80}},{"start":{"line":15,"column":7},"end":{"line":15,"column":80}}]}},"s":{"0":1,"1":1,"2":1,"3":0,"4":0,"5":0,"6":1,"7":0,"8":0,"9":0,"10":0,"11":1},"f":{"0":0,"1":0,"2":0},"b":{"0":[0,0]}}
,"C:\\Users\\a95695905\\Downloads\\galeria-receitas-integracao-aula41 (1)\\galeria-receitas-testes\\src\\models\\ReceitaRepository.ts": {"path":"C:\\Users\\a95695905\\Downloads\\galeria-receitas-integracao-aula41 (1)\\galeria-receitas-testes\\src\\models\\ReceitaRepository.ts","statementMap":{"0":{"start":{"line":3,"column":0},"end":{"line":3,"column":50}},"1":{"start":{"line":4,"column":0},"end":{"line":4,"column":46}},"2":{"start":{"line":10,"column":4},"end":{"line":10,"column":27}},"3":{"start":{"line":14,"column":4},"end":{"line":21,"column":5}},"4":{"start":{"line":15,"column":20},"end":{"line":15,"column":57}},"5":{"start":{"line":16,"column":20},"end":{"line":16,"column":37}},"6":{"start":{"line":17,"column":6},"end":{"line":17,"column":56}},"7":{"start":{"line":17,"column":35},"end":{"line":17,"column":54}},"8":{"start":{"line":19,"column":6},"end":{"line":19,"column":28}},"9":{"start":{"line":20,"column":6},"end":{"line":20,"column":16}},"10":{"start":{"line":25,"column":17},"end":{"line":25,"column":46}},"11":{"start":{"line":25,"column":35},"end":{"line":25,"column":45}},"12":{"start":{"line":26,"column":4},"end":{"line":26,"column":65}},"13":{"start":{"line":30,"column":19},"end":{"line":30,"column":40}},"14":{"start":{"line":31,"column":4},"end":{"line":34,"column":5}},"15":{"start":{"line":32,"column":16},"end":{"line":32,"column":35}},"16":{"start":{"line":33,"column":6},"end":{"line":33,"column":74}},"17":{"start":{"line":33,"column":38},"end":{"line":33,"column":72}},"18":{"start":{"line":35,"column":4},"end":{"line":35,"column":20}},"19":{"start":{"line":39,"column":21},"end":{"line":39,"column":42}},"20":{"start":{"line":40,"column":4},"end":{"line":40,"column":43}},"21":{"start":{"line":40,"column":30},"end":{"line":40,"column":41}},"22":{"start":{"line":45,"column":18},"end":{"line":45,"column":45}},"23":{"start":{"line":46,"column":4},"end":{"line":46,"column":60}},"24":{"start":{"line":46,"column":26},"end":{"line":46,"column":60}},"25":{"start":{"line":48,"column":21},"end":{"line":48,"column":42}},"26":{"start":{"line":49,"column":19},"end":{"line":49,"column":83}},"27":{"start":{"line":50,"column":17},"end":{"line":50,"column":75}},"28":{"start":{"line":52,"column":4},"end":{"line":52,"column":24}},"29":{"start":{"line":53,"column":4},"end":{"line":53,"column":32}},"30":{"start":{"line":54,"column":4},"end":{"line":54,"column":16}},"31":{"start":{"line":58,"column":21},"end":{"line":58,"column":42}},"32":{"start":{"line":59,"column":20},"end":{"line":59,"column":51}},"33":{"start":{"line":59,"column":39},"end":{"line":59,"column":50}},"34":{"start":{"line":60,"column":4},"end":{"line":60,"column":30}},"35":{"start":{"line":60,"column":18},"end":{"line":60,"column":30}},"36":{"start":{"line":62,"column":4},"end":{"line":62,"column":52}},"37":{"start":{"line":62,"column":22},"end":{"line":62,"column":52}},"38":{"start":{"line":63,"column":4},"end":{"line":63,"column":75}},"39":{"start":{"line":63,"column":39},"end":{"line":63,"column":75}},"40":{"start":{"line":64,"column":4},"end":{"line":64,"column":63}},"41":{"start":{"line":64,"column":35},"end":{"line":64,"column":63}},"42":{"start":{"line":66,"column":4},"end":{"line":66,"column":32}},"43":{"start":{"line":67,"column":4},"end":{"line":67,"column":19}},"44":{"start":{"line":71,"column":21},"end":{"line":71,"column":42}},"45":{"start":{"line":72,"column":18},"end":{"line":72,"column":54}},"46":{"start":{"line":72,"column":42},"end":{"line":72,"column":53}},"47":{"start":{"line":73,"column":4},"end":{"line":73,"column":35}},"48":{"start":{"line":73,"column":22},"end":{"line":73,"column":35}},"49":{"start":{"line":75,"column":4},"end":{"line":75,"column":30}},"50":{"start":{"line":76,"column":4},"end":{"line":76,"column":32}},"51":{"start":{"line":77,"column":4},"end":{"line":77,"column":16}},"52":{"start":{"line":6,"column":0},"end":{"line":6,"column":13}}},"fnMap":{"0":{"name":"(anonymous_0)","decl":{"start":{"line":9,"column":2},"end":{"line":9,"column":14}},"loc":{"start":{"line":9,"column":53},"end":{"line":11,"column":3}}},"1":{"name":"(anonymous_1)","decl":{"start":{"line":13,"column":2},"end":{"line":13,"column":7}},"loc":{"start":{"line":13,"column":16},"end":{"line":22,"column":3}}},"2":{"name":"(anonymous_2)","decl":{"start":{"line":17,"column":23},"end":{"line":17,"column":24}},"loc":{"start":{"line":17,"column":35},"end":{"line":17,"column":54}}},"3":{"name":"(anonymous_3)","decl":{"start":{"line":24,"column":2},"end":{"line":24,"column":7}},"loc":{"start":{"line":24,"column":34},"end":{"line":27,"column":3}}},"4":{"name":"(anonymous_4)","decl":{"start":{"line":25,"column":30},"end":{"line":25,"column":31}},"loc":{"start":{"line":25,"column":35},"end":{"line":25,"column":45}}},"5":{"name":"(anonymous_5)","decl":{"start":{"line":29,"column":2},"end":{"line":29,"column":7}},"loc":{"start":{"line":29,"column":29},"end":{"line":36,"column":3}}},"6":{"name":"(anonymous_6)","decl":{"start":{"line":33,"column":33},"end":{"line":33,"column":34}},"loc":{"start":{"line":33,"column":38},"end":{"line":33,"column":72}}},"7":{"name":"(anonymous_7)","decl":{"start":{"line":38,"column":2},"end":{"line":38,"column":7}},"loc":{"start":{"line":38,"column":30},"end":{"line":41,"column":3}}},"8":{"name":"(anonymous_8)","decl":{"start":{"line":40,"column":25},"end":{"line":40,"column":26}},"loc":{"start":{"line":40,"column":30},"end":{"line":40,"column":41}}},"9":{"name":"(anonymous_9)","decl":{"start":{"line":43,"column":2},"end":{"line":43,"column":7}},"loc":{"start":{"line":43,"column":83},"end":{"line":55,"column":3}}},"10":{"name":"(anonymous_10)","decl":{"start":{"line":57,"column":2},"end":{"line":57,"column":7}},"loc":{"start":{"line":57,"column":92},"end":{"line":68,"column":3}}},"11":{"name":"(anonymous_11)","decl":{"start":{"line":59,"column":34},"end":{"line":59,"column":35}},"loc":{"start":{"line":59,"column":39},"end":{"line":59,"column":50}}},"12":{"name":"(anonymous_12)","decl":{"start":{"line":70,"column":2},"end":{"line":70,"column":7}},"loc":{"start":{"line":70,"column":26},"end":{"line":78,"column":3}}},"13":{"name":"(anonymous_13)","decl":{"start":{"line":72,"column":37},"end":{"line":72,"column":38}},"loc":{"start":{"line":72,"column":42},"end":{"line":72,"column":53}}}},"branchMap":{"0":{"loc":{"start":{"line":9,"column":14},"end":{"line":9,"column":53}},"type":"default-arg","locations":[{"start":{"line":9,"column":32},"end":{"line":9,"column":53}}]},"1":{"loc":{"start":{"line":31,"column":4},"end":{"line":34,"column":5}},"type":"if","locations":[{"start":{"line":31,"column":4},"end":{"line":34,"column":5}}]},"2":{"loc":{"start":{"line":31,"column":8},"end":{"line":31,"column":29}},"type":"binary-expr","locations":[{"start":{"line":31,"column":8},"end":{"line":31,"column":13}},{"start":{"line":31,"column":17},"end":{"line":31,"column":29}}]},"3":{"loc":{"start":{"line":46,"column":4},"end":{"line":46,"column":60}},"type":"if","locations":[{"start":{"line":46,"column":4},"end":{"line":46,"column":60}}]},"4":{"loc":{"start":{"line":49,"column":20},"end":{"line":49,"column":78}},"type":"cond-expr","locations":[{"start":{"line":49,"column":42},"end":{"line":49,"column":74}},{"start":{"line":49,"column":77},"end":{"line":49,"column":78}}]},"5":{"loc":{"start":{"line":60,"column":4},"end":{"line":60,"column":30}},"type":"if","locations":[{"start":{"line":60,"column":4},"end":{"line":60,"column":30}}]},"6":{"loc":{"start":{"line":62,"column":4},"end":{"line":62,"column":52}},"type":"if","locations":[{"start":{"line":62,"column":4},"end":{"line":62,"column":52}}]},"7":{"loc":{"start":{"line":63,"column":4},"end":{"line":63,"column":75}},"type":"if","locations":[{"start":{"line":63,"column":4},"end":{"line":63,"column":75}}]},"8":{"loc":{"start":{"line":64,"column":4},"end":{"line":64,"column":63}},"type":"if","locations":[{"start":{"line":64,"column":4},"end":{"line":64,"column":63}}]},"9":{"loc":{"start":{"line":73,"column":4},"end":{"line":73,"column":35}},"type":"if","locations":[{"start":{"line":73,"column":4},"end":{"line":73,"column":35}}]}},"s":{"0":2,"1":2,"2":10,"3":14,"4":14,"5":14,"6":14,"7":38,"8":0,"9":0,"10":24,"11":13,"12":24,"13":3,"14":3,"15":1,"16":1,"17":4,"18":3,"19":0,"20":0,"21":0,"22":8,"23":8,"24":1,"25":7,"26":7,"27":7,"28":7,"29":7,"30":7,"31":2,"32":2,"33":10,"34":2,"35":2,"36":0,"37":0,"38":0,"39":0,"40":0,"41":0,"42":0,"43":0,"44":2,"45":2,"46":10,"47":2,"48":2,"49":0,"50":0,"51":0,"52":2},"f":{"0":10,"1":14,"2":38,"3":24,"4":13,"5":3,"6":4,"7":0,"8":0,"9":8,"10":2,"11":10,"12":2,"13":10},"b":{"0":[1],"1":[1],"2":[3,1],"3":[1],"4":[3,4],"5":[2],"6":[0],"7":[0],"8":[0],"9":[2]}}
,"C:\\Users\\a95695905\\Downloads\\galeria-receitas-integracao-aula41 (1)\\galeria-receitas-testes\\src\\routes\\apiRoutes.ts": {"path":"C:\\Users\\a95695905\\Downloads\\galeria-receitas-integracao-aula41 (1)\\galeria-receitas-testes\\src\\routes\\apiRoutes.ts","statementMap":{"0":{"start":{"line":1,"column":0},"end":{"line":1,"column":52}},"1":{"start":{"line":2,"column":0},"end":{"line":2,"column":64}},"2":{"start":{"line":3,"column":0},"end":{"line":3,"column":47}},"3":{"start":{"line":5,"column":13},"end":{"line":5,"column":34}},"4":{"start":{"line":6,"column":13},"end":{"line":6,"column":36}},"5":{"start":{"line":8,"column":0},"end":{"line":13,"column":3}},"6":{"start":{"line":9,"column":2},"end":{"line":12,"column":81}},"7":{"start":{"line":10,"column":21},"end":{"line":10,"column":63}},"8":{"start":{"line":11,"column":4},"end":{"line":11,"column":94}},"9":{"start":{"line":11,"column":55},"end":{"line":11,"column":65}},"10":{"start":{"line":12,"column":21},"end":{"line":12,"column":79}},"11":{"start":{"line":15,"column":0},"end":{"line":22,"column":3}},"12":{"start":{"line":16,"column":2},"end":{"line":21,"column":81}},"13":{"start":{"line":17,"column":41},"end":{"line":17,"column":49}},"14":{"start":{"line":18,"column":17},"end":{"line":18,"column":66}},"15":{"start":{"line":19,"column":17},"end":{"line":19,"column":77}},"16":{"start":{"line":20,"column":4},"end":{"line":20,"column":66}},"17":{"start":{"line":21,"column":21},"end":{"line":21,"column":79}},"18":{"start":{"line":24,"column":0},"end":{"line":30,"column":3}},"19":{"start":{"line":25,"column":2},"end":{"line":29,"column":81}},"20":{"start":{"line":26,"column":20},"end":{"line":26,"column":73}},"21":{"start":{"line":27,"column":4},"end":{"line":27,"column":95}},"22":{"start":{"line":27,"column":20},"end":{"line":27,"column":85}},"23":{"start":{"line":27,"column":86},"end":{"line":27,"column":93}},"24":{"start":{"line":28,"column":4},"end":{"line":28,"column":57}},"25":{"start":{"line":29,"column":21},"end":{"line":29,"column":79}},"26":{"start":{"line":32,"column":0},"end":{"line":36,"column":3}},"27":{"start":{"line":33,"column":19},"end":{"line":33,"column":60}},"28":{"start":{"line":34,"column":2},"end":{"line":34,"column":94}},"29":{"start":{"line":34,"column":19},"end":{"line":34,"column":84}},"30":{"start":{"line":34,"column":85},"end":{"line":34,"column":92}},"31":{"start":{"line":35,"column":2},"end":{"line":35,"column":30}}},"fnMap":{"0":{"name":"(anonymous_0)","decl":{"start":{"line":8,"column":31},"end":{"line":8,"column":36}},"loc":{"start":{"line":8,"column":69},"end":{"line":13,"column":1}}},"1":{"name":"(anonymous_1)","decl":{"start":{"line":11,"column":50},"end":{"line":11,"column":51}},"loc":{"start":{"line":11,"column":55},"end":{"line":11,"column":65}}},"2":{"name":"(anonymous_2)","decl":{"start":{"line":15,"column":55},"end":{"line":15,"column":60}},"loc":{"start":{"line":15,"column":93},"end":{"line":22,"column":1}}},"3":{"name":"(anonymous_3)","decl":{"start":{"line":24,"column":35},"end":{"line":24,"column":40}},"loc":{"start":{"line":24,"column":73},"end":{"line":30,"column":1}}},"4":{"name":"(anonymous_4)","decl":{"start":{"line":32,"column":38},"end":{"line":32,"column":43}},"loc":{"start":{"line":32,"column":76},"end":{"line":36,"column":1}}}},"branchMap":{"0":{"loc":{"start":{"line":18,"column":17},"end":{"line":18,"column":66}},"type":"cond-expr","locations":[{"start":{"line":18,"column":28},"end":{"line":18,"column":59}},{"start":{"line":18,"column":62},"end":{"line":18,"column":66}}]},"1":{"loc":{"start":{"line":19,"column":42},"end":{"line":19,"column":57}},"type":"binary-expr","locations":[{"start":{"line":19,"column":42},"end":{"line":19,"column":51}},{"start":{"line":19,"column":55},"end":{"line":19,"column":57}}]},"2":{"loc":{"start":{"line":19,"column":59},"end":{"line":19,"column":70}},"type":"binary-expr","locations":[{"start":{"line":19,"column":59},"end":{"line":19,"column":64}},{"start":{"line":19,"column":68},"end":{"line":19,"column":70}}]},"3":{"loc":{"start":{"line":27,"column":4},"end":{"line":27,"column":95}},"type":"if","locations":[{"start":{"line":27,"column":4},"end":{"line":27,"column":95}}]},"4":{"loc":{"start":{"line":34,"column":2},"end":{"line":34,"column":94}},"type":"if","locations":[{"start":{"line":34,"column":2},"end":{"line":34,"column":94}}]}},"s":{"0":1,"1":1,"2":1,"3":1,"4":1,"5":1,"6":3,"7":3,"8":3,"9":8,"10":0,"11":1,"12":2,"13":2,"14":2,"15":2,"16":1,"17":1,"18":1,"19":2,"20":2,"21":2,"22":2,"23":2,"24":0,"25":0,"26":1,"27":2,"28":2,"29":2,"30":2,"31":0},"f":{"0":3,"1":8,"2":2,"3":2,"4":2},"b":{"0":[0,2],"1":[2,1],"2":[2,1],"3":[2],"4":[2]}}
,"C:\\Users\\a95695905\\Downloads\\galeria-receitas-integracao-aula41 (1)\\galeria-receitas-testes\\src\\routes\\pageRoutes.ts": {"path":"C:\\Users\\a95695905\\Downloads\\galeria-receitas-integracao-aula41 (1)\\galeria-receitas-testes\\src\\routes\\pageRoutes.ts","statementMap":{"0":{"start":{"line":1,"column":0},"end":{"line":1,"column":33}},"1":{"start":{"line":2,"column":13},"end":{"line":2,"column":35}},"2":{"start":{"line":3,"column":0},"end":{"line":3,"column":57}},"3":{"start":{"line":3,"column":34},"end":{"line":3,"column":55}}},"fnMap":{"0":{"name":"(anonymous_0)","decl":{"start":{"line":3,"column":20},"end":{"line":3,"column":21}},"loc":{"start":{"line":3,"column":34},"end":{"line":3,"column":55}}}},"branchMap":{},"s":{"0":1,"1":1,"2":1,"3":0},"f":{"0":0},"b":{}}
}
