TN:
SF:src\app.ts
FNF:0
FNH:0
DA:1,1
DA:2,1
DA:3,1
DA:5,1
DA:6,1
DA:7,1
DA:8,1
DA:9,1
DA:10,1
DA:11,1
DA:12,1
DA:13,1
DA:15,1
LF:13
LH:13
BRF:0
BRH:0
end_of_record
TN:
SF:src\entities\Receita.ts
FN:9,(anonymous_0)
FN:18,(anonymous_1)
FN:19,(anonymous_2)
FN:20,(anonymous_3)
FN:21,(anonymous_4)
FN:22,(anonymous_5)
FN:25,(anonymous_6)
FN:30,(anonymous_7)
FN:31,(anonymous_8)
FN:32,(anonymous_9)
FN:35,(anonymous_10)
FN:43,(anonymous_11)
FN:48,(anonymous_12)
FNF:13
FNH:6
FNDA:45,(anonymous_0)
FNDA:23,(anonymous_1)
FNDA:4,(anonymous_2)
FNDA:0,(anonymous_3)
FNDA:0,(anonymous_4)
FNDA:0,(anonymous_5)
FNDA:0,(anonymous_6)
FNDA:0,(anonymous_7)
FNDA:0,(anonymous_8)
FNDA:0,(anonymous_9)
FNDA:8,(anonymous_10)
FNDA:38,(anonymous_11)
FNDA:22,(anonymous_12)
DA:2,2
DA:10,45
DA:11,45
DA:12,45
DA:13,45
DA:14,45
DA:18,23
DA:19,4
DA:20,0
DA:21,0
DA:22,0
DA:26,0
DA:27,0
DA:30,0
DA:31,0
DA:32,0
DA:36,8
DA:37,8
DA:38,8
DA:39,8
DA:44,38
DA:49,22
LF:22
LH:14
BRDA:9,0,0,0
BRDA:26,1,0,0
BRDA:26,2,0,0
BRDA:26,2,1,0
BRDA:30,3,0,0
BRDA:30,3,1,0
BRDA:31,4,0,0
BRDA:31,4,1,0
BRDA:37,5,0,1
BRDA:37,6,0,8
BRDA:37,6,1,7
BRDA:38,7,0,0
BRDA:38,8,0,8
BRDA:38,8,1,7
BRDA:44,9,0,38
BRDA:44,9,1,1
BRDA:44,10,0,38
BRDA:44,10,1,1
BRDA:44,11,0,38
BRDA:44,11,1,38
BRF:20
BRH:11
end_of_record
TN:
SF:src\middlewares\upload.ts
FN:5,(anonymous_1)
FN:6,(anonymous_2)
FN:12,(anonymous_3)
FNF:3
FNH:0
FNDA:0,(anonymous_1)
FNDA:0,(anonymous_2)
FNDA:0,(anonymous_3)
DA:1,1
DA:2,1
DA:4,1
DA:5,0
DA:7,0
DA:8,0
DA:12,1
DA:13,0
DA:14,0
DA:15,0
DA:18,1
LF:11
LH:5
BRDA:14,0,0,0
BRDA:14,0,1,0
BRF:2
BRH:0
end_of_record
TN:
SF:src\models\ReceitaRepository.ts
FN:9,(anonymous_0)
FN:13,(anonymous_1)
FN:17,(anonymous_2)
FN:24,(anonymous_3)
FN:25,(anonymous_4)
FN:29,(anonymous_5)
FN:33,(anonymous_6)
FN:38,(anonymous_7)
FN:40,(anonymous_8)
FN:43,(anonymous_9)
FN:57,(anonymous_10)
FN:59,(anonymous_11)
FN:70,(anonymous_12)
FN:72,(anonymous_13)
FNF:14
FNH:12
FNDA:10,(anonymous_0)
FNDA:14,(anonymous_1)
FNDA:38,(anonymous_2)
FNDA:24,(anonymous_3)
FNDA:13,(anonymous_4)
FNDA:3,(anonymous_5)
FNDA:4,(anonymous_6)
FNDA:0,(anonymous_7)
FNDA:0,(anonymous_8)
FNDA:8,(anonymous_9)
FNDA:2,(anonymous_10)
FNDA:10,(anonymous_11)
FNDA:2,(anonymous_12)
FNDA:10,(anonymous_13)
DA:3,2
DA:4,2
DA:6,2
DA:10,10
DA:14,14
DA:15,14
DA:16,14
DA:17,38
DA:19,0
DA:20,0
DA:25,24
DA:26,24
DA:30,3
DA:31,3
DA:32,1
DA:33,4
DA:35,3
DA:39,0
DA:40,0
DA:45,8
DA:46,8
DA:48,7
DA:49,7
DA:50,7
DA:52,7
DA:53,7
DA:54,7
DA:58,2
DA:59,10
DA:60,2
DA:62,0
DA:63,0
DA:64,0
DA:66,0
DA:67,0
DA:71,2
DA:72,10
DA:73,2
DA:75,0
DA:76,0
DA:77,0
LF:41
LH:29
BRDA:9,0,0,1
BRDA:31,1,0,1
BRDA:31,2,0,3
BRDA:31,2,1,1
BRDA:46,3,0,1
BRDA:49,4,0,3
BRDA:49,4,1,4
BRDA:60,5,0,2
BRDA:62,6,0,0
BRDA:63,7,0,0
BRDA:64,8,0,0
BRDA:73,9,0,2
BRF:12
BRH:9
end_of_record
TN:
SF:src\routes\apiRoutes.ts
FN:8,(anonymous_0)
FN:11,(anonymous_1)
FN:15,(anonymous_2)
FN:24,(anonymous_3)
FN:32,(anonymous_4)
FNF:5
FNH:5
FNDA:3,(anonymous_0)
FNDA:8,(anonymous_1)
FNDA:2,(anonymous_2)
FNDA:2,(anonymous_3)
FNDA:2,(anonymous_4)
DA:1,1
DA:2,1
DA:3,1
DA:5,1
DA:6,1
DA:8,1
DA:9,3
DA:10,3
DA:11,8
DA:12,0
DA:15,1
DA:16,2
DA:17,2
DA:18,2
DA:19,2
DA:20,1
DA:21,1
DA:24,1
DA:25,2
DA:26,2
DA:27,2
DA:28,0
DA:29,0
DA:32,1
DA:33,2
DA:34,2
DA:35,0
LF:27
LH:23
BRDA:18,0,0,0
BRDA:18,0,1,2
BRDA:19,1,0,2
BRDA:19,1,1,1
BRDA:19,2,0,2
BRDA:19,2,1,1
BRDA:27,3,0,2
BRDA:34,4,0,2
BRF:8
BRH:7
end_of_record
TN:
SF:src\routes\pageRoutes.ts
FN:3,(anonymous_0)
FNF:1
FNH:0
FNDA:0,(anonymous_0)
DA:1,1
DA:2,1
DA:3,1
LF:3
LH:3
BRF:0
BRH:0
end_of_record
